01:00:32 **** Build of configuration Default for project UdpClient ****
make udpclient 
make: *** No rule to make target 'udpclient'.  Stop.
03:03:04 **** Incremental Build of configuration Default for project UdpClient ****
make all 
make: *** No rule to make target 'all'.  Stop.
03:03:04 **** Incremental Build of configuration Default for project Udpserver ****
make all 
make: *** No rule to make target 'all'.  Stop.
03:03:04 **** Build of configuration Default for project udp_client ****
make all 
make: *** No rule to make target 'all'.  Stop.
03:03:04 **** Build of configuration Default for project udp_server ****
make all 
make: Nothing to be done for 'all'.
03:03:49 **** Incremental Build of configuration Default for project UdpClient ****
make all 
make: *** No rule to make target 'all'.  Stop.
03:03:50 **** Incremental Build of configuration Default for project Udpserver ****
make all 
make: *** No rule to make target 'all'.  Stop.
03:03:50 **** Incremental Build of configuration Default for project udp_client ****
make all 
make: *** No rule to make target 'all'.  Stop.
03:03:50 **** Incremental Build of configuration Default for project udp_server ****
make all 
make: Nothing to be done for 'all'.
03:04:52 **** Incremental Build of configuration Default for project UdpClient ****
make all 
make: *** No rule to make target 'all'.  Stop.
03:04:52 **** Incremental Build of configuration Default for project Udpserver ****
make all 
make: *** No rule to make target 'all'.  Stop.
03:04:52 **** Incremental Build of configuration Default for project udp_client ****
make all 
make: *** No rule to make target 'all'.  Stop.
03:04:52 **** Incremental Build of configuration Default for project udp_server ****
make all 
make: Nothing to be done for 'all'.
03:04:58 **** Incremental Build of configuration Default for project UdpClient ****
make all 
make: *** No rule to make target 'all'.  Stop.
03:04:58 **** Incremental Build of configuration Default for project Udpserver ****
make all 
make: *** No rule to make target 'all'.  Stop.
03:04:58 **** Incremental Build of configuration Default for project udp_client ****
make all 
make: *** No rule to make target 'all'.  Stop.
03:04:58 **** Incremental Build of configuration Default for project udp_server ****
make all 
make: Nothing to be done for 'all'.
03:06:13 **** Incremental Build of configuration Default for project UdpClient ****
make all 
make: *** No rule to make target 'all'.  Stop.
03:06:13 **** Incremental Build of configuration Default for project Udpserver ****
make all 
make: *** No rule to make target 'all'.  Stop.
03:06:13 **** Incremental Build of configuration Default for project udp_client ****
make all 
make: *** No rule to make target 'all'.  Stop.
03:06:13 **** Incremental Build of configuration Default for project udp_server ****
make all 
make: Nothing to be done for 'all'.
03:07:53 **** Incremental Build of configuration Default for project UdpClient ****
make all 
make: *** No rule to make target 'all'.  Stop.
03:07:53 **** Incremental Build of configuration Default for project Udpserver ****
make all 
make: *** No rule to make target 'all'.  Stop.
03:07:53 **** Incremental Build of configuration Default for project udp_client ****
make all 
make: *** No rule to make target 'all'.  Stop.
03:07:53 **** Incremental Build of configuration Default for project udp_server ****
make all 
make: Nothing to be done for 'all'.
03:08:08 **** Incremental Build of configuration Default for project UdpClient ****
make all 
make: *** No rule to make target 'all'.  Stop.
03:08:08 **** Incremental Build of configuration Default for project Udpserver ****
make all 
make: *** No rule to make target 'all'.  Stop.
03:08:08 **** Incremental Build of configuration Default for project udp_client ****
make all 
cc    -c -o udp_client.o udp_client.c
g++ -o udp_client udp_client.o 
03:08:08 **** Incremental Build of configuration Default for project udp_server ****
make all 
make: Nothing to be done for 'all'.
03:10:45 **** Incremental Build of configuration Default for project udp_client ****
make all 
make: Nothing to be done for 'all'.
03:11:33 **** Incremental Build of configuration Default for project UdpClient ****
make all 
make: *** No rule to make target 'all'.  Stop.
03:11:33 **** Incremental Build of configuration Default for project Udpserver ****
make all 
make: *** No rule to make target 'all'.  Stop.
03:11:34 **** Incremental Build of configuration Default for project udp_client ****
make all 
make: Nothing to be done for 'all'.
03:11:34 **** Incremental Build of configuration Default for project udp_server ****
make all 
make: Nothing to be done for 'all'.
03:11:42 **** Incremental Build of configuration Default for project UdpClient ****
make all 
make: *** No rule to make target 'all'.  Stop.
03:11:42 **** Incremental Build of configuration Default for project Udpserver ****
make all 
make: *** No rule to make target 'all'.  Stop.
03:11:42 **** Incremental Build of configuration Default for project udp_client ****
make all 
make: Nothing to be done for 'all'.
03:11:42 **** Incremental Build of configuration Default for project udp_server ****
make all 
make: Nothing to be done for 'all'.
03:12:09 **** Incremental Build of configuration Default for project UdpClient ****
make all 
make: *** No rule to make target 'all'.  Stop.
03:12:09 **** Incremental Build of configuration Default for project Udpserver ****
make all 
make: *** No rule to make target 'all'.  Stop.
03:12:09 **** Incremental Build of configuration Default for project udp_client ****
make all 
make: Nothing to be done for 'all'.
03:12:09 **** Incremental Build of configuration Default for project udp_server ****
make all 
make: Nothing to be done for 'all'.
03:12:12 **** Incremental Build of configuration Default for project UdpClient ****
make all 
make: *** No rule to make target 'all'.  Stop.
03:12:12 **** Incremental Build of configuration Default for project Udpserver ****
make all 
make: *** No rule to make target 'all'.  Stop.
03:12:12 **** Incremental Build of configuration Default for project udp_client ****
make all 
make: Nothing to be done for 'all'.
03:12:12 **** Incremental Build of configuration Default for project udp_server ****
make all 
make: Nothing to be done for 'all'.
08:48:34 **** Build of configuration Default for project UdpClient ****
make all 
make: *** No rule to make target 'all'.  Stop.
08:48:34 **** Build of configuration Default for project Udpserver ****
make all 
make: *** No rule to make target 'all'.  Stop.
08:48:34 **** Build of configuration Default for project udp_client ****
make all 
make: Nothing to be done for 'all'.
08:48:35 **** Build of configuration Default for project udp_server ****
make all 
cc    -c -o udp_server.o udp_server.c
g++ -o udp_server udp_server.o 
08:49:58 **** Incremental Build of configuration Default for project UdpClient ****
make all 
make: *** No rule to make target 'all'.  Stop.
08:49:58 **** Incremental Build of configuration Default for project Udpserver ****
make all 
make: *** No rule to make target 'all'.  Stop.
08:49:58 **** Incremental Build of configuration Default for project udp_client ****
make all 
make: Nothing to be done for 'all'.
08:49:58 **** Incremental Build of configuration Default for project udp_server ****
make all 
cc    -c -o udp_server.o udp_server.c
g++ -o udp_server udp_server.o 
08:51:34 **** Incremental Build of configuration Default for project UdpClient ****
make all 
make: *** No rule to make target 'all'.  Stop.
08:51:34 **** Incremental Build of configuration Default for project Udpserver ****
make all 
make: *** No rule to make target 'all'.  Stop.
08:51:34 **** Incremental Build of configuration Default for project udp_client ****
make all 
make: Nothing to be done for 'all'.
08:51:34 **** Incremental Build of configuration Default for project udp_server ****
make all 
cc    -c -o udp_server.o udp_server.c
g++ -o udp_server udp_server.o 
08:54:56 **** Incremental Build of configuration Default for project UdpClient ****
make all 
make: *** No rule to make target 'all'.  Stop.
08:54:56 **** Incremental Build of configuration Default for project Udpserver ****
make all 
make: *** No rule to make target 'all'.  Stop.
08:54:56 **** Incremental Build of configuration Default for project udp_client ****
make all 
make: Nothing to be done for 'all'.
08:54:56 **** Incremental Build of configuration Default for project udp_server ****
make all 
cc    -c -o udp_server.o udp_server.c
udp_server.c: In function ‘split’:
udp_server.c:54:8: warning: passing argument 1 of ‘fread’ makes pointer from integer without a cast
  fread(buffer, i_byte,length, fp);
        ^
In file included from udp_server.c:1:0:
/usr/include/stdio.h:709:15: note: expected ‘void * __restrict__’ but argument is of type ‘char’
 extern size_t fread (void *__restrict __ptr, size_t __size,
               ^
udp_server.c:55:14: warning: passing argument 2 of ‘memcpy’ makes pointer from integer without a cast
  memcpy(temp,buffer,length);
              ^
In file included from udp_server.c:3:0:
/usr/include/string.h:46:14: note: expected ‘const void * __restrict__’ but argument is of type ‘char’
 extern void *memcpy (void *__restrict __dest, const void *__restrict __src,
              ^
udp_server.c:59:49: warning: passing argument 1 of ‘strlen’ makes pointer from integer without a cast
  if((size_to_send = sendto(sock, buffer, strlen(buffer), 0, (struct sockaddr*)&client, addr_size))<0)
                                                 ^
In file included from udp_server.c:3:0:
/usr/include/string.h:398:15: note: expected ‘const char *’ but argument is of type ‘char’
 extern size_t strlen (const char *__s)
               ^
udp_server.c:59:34: warning: passing argument 2 of ‘sendto’ makes pointer from integer without a cast
  if((size_to_send = sendto(sock, buffer, strlen(buffer), 0, (struct sockaddr*)&client, addr_size))<0)
                                  ^
In file included from udp_server.c:6:0:
/usr/include/x86_64-linux-gnu/sys/socket.h:163:16: note: expected ‘const void *’ but argument is of type ‘char’
 extern ssize_t sendto (int __fd, const void *__buf, size_t __n,
                ^
udp_server.c: In function ‘main’:
udp_server.c:160:25: warning: passing argument 3 of ‘split’ makes integer from pointer without a cast
    split(i_byte,f_byte, buff,fp, client, addr_size, sock);
                         ^
udp_server.c:45:5: note: expected ‘char’ but argument is of type ‘char *’
 int split( int i_byte, int f_byte, char buffer,  FILE *fp, struct sockaddr_in client, socklen_t addr_size, int sock)
     ^
g++ -o udp_server udp_server.o 
08:55:25 **** Incremental Build of configuration Default for project UdpClient ****
make all 
make: *** No rule to make target 'all'.  Stop.
08:55:25 **** Incremental Build of configuration Default for project Udpserver ****
make all 
make: *** No rule to make target 'all'.  Stop.
08:55:25 **** Incremental Build of configuration Default for project udp_client ****
make all 
make: Nothing to be done for 'all'.
08:55:25 **** Incremental Build of configuration Default for project udp_server ****
make all 
cc    -c -o udp_server.o udp_server.c
g++ -o udp_server udp_server.o 
08:57:43 **** Incremental Build of configuration Default for project UdpClient ****
make all 
make: *** No rule to make target 'all'.  Stop.
08:57:43 **** Incremental Build of configuration Default for project Udpserver ****
make all 
make: *** No rule to make target 'all'.  Stop.
08:57:43 **** Incremental Build of configuration Default for project udp_client ****
make all 
make: Nothing to be done for 'all'.
08:57:43 **** Incremental Build of configuration Default for project udp_server ****
make all 
cc    -c -o udp_server.o udp_server.c
g++ -o udp_server udp_server.o 
